# JRE version: OpenJDK Runtime Environment Temurin-17.0.11+9 (17.0.11+9) (build 17.0.11+9)
# Java VM: OpenJDK 64-Bit Server VM Temurin-17.0.11+9 (17.0.11+9, mixed mode, tiered, compressed oops, compressed class ptrs, parallel gc, windows-amd64)
GC Precious Log:
 CPUs: 8 total, 8 available
 Memory: 7834M
 Large Page Support: Disabled
 NUMA Support: Disabled
 Compressed Oops: Enabled (32-bit)
 Alignments: Space 512K, Generation 512K, Heap 2M
 Heap Min Capacity: 100M
 Heap Initial Capacity: 100M
 Heap Max Capacity: 1G
 Pre-touch: Disabled
 Parallel Workers: 8
Heap:
 PSYoungGen      total 15872K, used 14228K [0x00000000eab00000, 0x00000000ec280000, 0x0000000100000000)
  eden space 13824K, 98% used [0x00000000eab00000,0x00000000eb8550c0,0x00000000eb880000)
  from space 2048K, 28% used [0x00000000ebf00000,0x00000000ebf90020,0x00000000ec100000)
  to   space 1024K, 0% used [0x00000000ec180000,0x00000000ec180000,0x00000000ec280000)
 ParOldGen       total 68608K, used 40763K [0x00000000c0000000, 0x00000000c4300000, 0x00000000eab00000)
  object space 68608K, 59% used [0x00000000c0000000,0x00000000c27cef68,0x00000000c4300000)
 Metaspace       used 66188K, committed 67264K, reserved 1114112K
  class space    used 7704K, committed 8192K, reserved 1048576K
GC Heap History (20 events):
Event: 13.118 GC heap before
{Heap before GC invocations=25 (full 2):
 PSYoungGen      total 14336K, used 5173K [0x00000000eab00000, 0x00000000ed680000, 0x0000000100000000)
  eden space 13824K, 33% used [0x00000000eab00000,0x00000000eaf8e3c8,0x00000000eb880000)
  from space 512K, 99% used [0x00000000ec380000,0x00000000ec3ff080,0x00000000ec400000)
  to   space 11264K, 0% used [0x00000000eb880000,0x00000000eb880000,0x00000000ec380000)
 ParOldGen       total 68608K, used 35396K [0x00000000c0000000, 0x00000000c4300000, 0x00000000eab00000)
  object space 68608K, 51% used [0x00000000c0000000,0x00000000c22913f8,0x00000000c4300000)
 Metaspace       used 58772K, committed 59776K, reserved 1114112K
  class space    used 6610K, committed 7040K, reserved 1048576K
}
Event: 13.119 GC heap after
{Heap after GC invocations=25 (full 2):
 PSYoungGen      total 25088K, used 352K [0x00000000eab00000, 0x00000000ec880000, 0x0000000100000000)
  eden space 13824K, 0% used [0x00000000eab00000,0x00000000eab00000,0x00000000eb880000)
  from space 11264K, 3% used [0x00000000eb880000,0x00000000eb8d8000,0x00000000ec380000)
  to   space 4096K, 0% used [0x00000000ec480000,0x00000000ec480000,0x00000000ec880000)
 ParOldGen       total 68608K, used 35901K [0x00000000c0000000, 0x00000000c4300000, 0x00000000eab00000)
  object space 68608K, 52% used [0x00000000c0000000,0x00000000c230f7c0,0x00000000c4300000)
 Metaspace       used 58772K, committed 59776K, reserved 1114112K
  class space    used 6610K, committed 7040K, reserved 1048576K
}
Event: 13.119 GC heap before
{Heap before GC invocations=26 (full 3):
 PSYoungGen      total 25088K, used 352K [0x00000000eab00000, 0x00000000ec880000, 0x0000000100000000)
  eden space 13824K, 0% used [0x00000000eab00000,0x00000000eab00000,0x00000000eb880000)
  from space 11264K, 3% used [0x00000000eb880000,0x00000000eb8d8000,0x00000000ec380000)
  to   space 4096K, 0% used [0x00000000ec480000,0x00000000ec480000,0x00000000ec880000)
 ParOldGen       total 68608K, used 35901K [0x00000000c0000000, 0x00000000c4300000, 0x00000000eab00000)
  object space 68608K, 52% used [0x00000000c0000000,0x00000000c230f7c0,0x00000000c4300000)
 Metaspace       used 58772K, committed 59776K, reserved 1114112K
  class space    used 6610K, committed 7040K, reserved 1048576K
}
Event: 13.200 GC heap after
{Heap after GC invocations=26 (full 3):
 PSYoungGen      total 25088K, used 0K [0x00000000eab00000, 0x00000000ec880000, 0x0000000100000000)
  eden space 13824K, 0% used [0x00000000eab00000,0x00000000eab00000,0x00000000eb880000)
  from space 11264K, 0% used [0x00000000eb880000,0x00000000eb880000,0x00000000ec380000)
  to   space 4096K, 0% used [0x00000000ec480000,0x00000000ec480000,0x00000000ec880000)
 ParOldGen       total 68608K, used 34106K [0x00000000c0000000, 0x00000000c4300000, 0x00000000eab00000)
  object space 68608K, 49% used [0x00000000c0000000,0x00000000c214ea60,0x00000000c4300000)
 Metaspace       used 58772K, committed 59776K, reserved 1114112K
  class space    used 6610K, committed 7040K, reserved 1048576K
}
Event: 13.634 GC heap before
{Heap before GC invocations=27 (full 3):
 PSYoungGen      total 25088K, used 13824K [0x00000000eab00000, 0x00000000ec880000, 0x0000000100000000)
  eden space 13824K, 100% used [0x00000000eab00000,0x00000000eb880000,0x00000000eb880000)
  from space 11264K, 0% used [0x00000000eb880000,0x00000000eb880000,0x00000000ec380000)
  to   space 4096K, 0% used [0x00000000ec480000,0x00000000ec480000,0x00000000ec880000)
 ParOldGen       total 68608K, used 34106K [0x00000000c0000000, 0x00000000c4300000, 0x00000000eab00000)
  object space 68608K, 49% used [0x00000000c0000000,0x00000000c214ea60,0x00000000c4300000)
 Metaspace       used 59471K, committed 60480K, reserved 1114112K
  class space    used 6704K, committed 7104K, reserved 1048576K
}
Event: 13.636 GC heap after
{Heap after GC invocations=27 (full 3):
 PSYoungGen      total 14848K, used 576K [0x00000000eab00000, 0x00000000ec580000, 0x0000000100000000)
  eden space 13824K, 0% used [0x00000000eab00000,0x00000000eab00000,0x00000000eb880000)
  from space 1024K, 56% used [0x00000000ec480000,0x00000000ec510000,0x00000000ec580000)
  to   space 1536K, 0% used [0x00000000ec280000,0x00000000ec280000,0x00000000ec400000)
 ParOldGen       total 68608K, used 34114K [0x00000000c0000000, 0x00000000c4300000, 0x00000000eab00000)
  object space 68608K, 49% used [0x00000000c0000000,0x00000000c2150a60,0x00000000c4300000)
 Metaspace       used 59471K, committed 60480K, reserved 1114112K
  class space    used 6704K, committed 7104K, reserved 1048576K
}
Event: 14.008 GC heap before
{Heap before GC invocations=28 (full 3):
 PSYoungGen      total 14848K, used 14400K [0x00000000eab00000, 0x00000000ec580000, 0x0000000100000000)
  eden space 13824K, 100% used [0x00000000eab00000,0x00000000eb880000,0x00000000eb880000)
  from space 1024K, 56% used [0x00000000ec480000,0x00000000ec510000,0x00000000ec580000)
  to   space 1536K, 0% used [0x00000000ec280000,0x00000000ec280000,0x00000000ec400000)
 ParOldGen       total 68608K, used 34114K [0x00000000c0000000, 0x00000000c4300000, 0x00000000eab00000)
  object space 68608K, 49% used [0x00000000c0000000,0x00000000c2150a60,0x00000000c4300000)
 Metaspace       used 59488K, committed 60480K, reserved 1114112K
  class space    used 6704K, committed 7104K, reserved 1048576K
}
Event: 14.009 GC heap after
{Heap after GC invocations=28 (full 3):
 PSYoungGen      total 15360K, used 384K [0x00000000eab00000, 0x00000000ec500000, 0x0000000100000000)
  eden space 13824K, 0% used [0x00000000eab00000,0x00000000eab00000,0x00000000eb880000)
  from space 1536K, 25% used [0x00000000ec280000,0x00000000ec2e0000,0x00000000ec400000)
  to   space 1024K, 0% used [0x00000000ec400000,0x00000000ec400000,0x00000000ec500000)
 ParOldGen       total 68608K, used 34539K [0x00000000c0000000, 0x00000000c4300000, 0x00000000eab00000)
  object space 68608K, 50% used [0x00000000c0000000,0x00000000c21bae00,0x00000000c4300000)
 Metaspace       used 59488K, committed 60480K, reserved 1114112K
  class space    used 6704K, committed 7104K, reserved 1048576K
}
Event: 14.331 GC heap before
{Heap before GC invocations=29 (full 3):
 PSYoungGen      total 15360K, used 14208K [0x00000000eab00000, 0x00000000ec500000, 0x0000000100000000)
  eden space 13824K, 100% used [0x00000000eab00000,0x00000000eb880000,0x00000000eb880000)
  from space 1536K, 25% used [0x00000000ec280000,0x00000000ec2e0000,0x00000000ec400000)
  to   space 1024K, 0% used [0x00000000ec400000,0x00000000ec400000,0x00000000ec500000)
 ParOldGen       total 68608K, used 34539K [0x00000000c0000000, 0x00000000c4300000, 0x00000000eab00000)
  object space 68608K, 50% used [0x00000000c0000000,0x00000000c21bae00,0x00000000c4300000)
 Metaspace       used 59505K, committed 60480K, reserved 1114112K
  class space    used 6704K, committed 7104K, reserved 1048576K
}
Event: 14.333 GC heap after
{Heap after GC invocations=29 (full 3):
 PSYoungGen      total 14848K, used 1017K [0x00000000eab00000, 0x00000000ec500000, 0x0000000100000000)
  eden space 13824K, 0% used [0x00000000eab00000,0x00000000eab00000,0x00000000eb880000)
  from space 1024K, 99% used [0x00000000ec400000,0x00000000ec4fe690,0x00000000ec500000)
  to   space 5120K, 0% used [0x00000000ebb00000,0x00000000ebb00000,0x00000000ec000000)
 ParOldGen       total 68608K, used 37721K [0x00000000c0000000, 0x00000000c4300000, 0x00000000eab00000)
  object space 68608K, 54% used [0x00000000c0000000,0x00000000c24d6670,0x00000000c4300000)
 Metaspace       used 59505K, committed 60480K, reserved 1114112K
  class space    used 6704K, committed 7104K, reserved 1048576K
}
Event: 14.479 GC heap before
{Heap before GC invocations=30 (full 3):
 PSYoungGen      total 14848K, used 14841K [0x00000000eab00000, 0x00000000ec500000, 0x0000000100000000)
  eden space 13824K, 99% used [0x00000000eab00000,0x00000000eb87ffd0,0x00000000eb880000)
  from space 1024K, 99% used [0x00000000ec400000,0x00000000ec4fe690,0x00000000ec500000)
  to   space 5120K, 0% used [0x00000000ebb00000,0x00000000ebb00000,0x00000000ec000000)
 ParOldGen       total 68608K, used 37721K [0x00000000c0000000, 0x00000000c4300000, 0x00000000eab00000)
  object space 68608K, 54% used [0x00000000c0000000,0x00000000c24d6670,0x00000000c4300000)
 Metaspace       used 60160K, committed 61184K, reserved 1114112K
  class space    used 6831K, committed 7232K, reserved 1048576K
}
Event: 14.481 GC heap after
{Heap after GC invocations=30 (full 3):
 PSYoungGen      total 18944K, used 544K [0x00000000eab00000, 0x00000000ec480000, 0x0000000100000000)
  eden space 13824K, 0% used [0x00000000eab00000,0x00000000eab00000,0x00000000eb880000)
  from space 5120K, 10% used [0x00000000ebb00000,0x00000000ebb88000,0x00000000ec000000)
  to   space 2048K, 0% used [0x00000000ec280000,0x00000000ec280000,0x00000000ec480000)
 ParOldGen       total 68608K, used 38747K [0x00000000c0000000, 0x00000000c4300000, 0x00000000eab00000)
  object space 68608K, 56% used [0x00000000c0000000,0x00000000c25d6d70,0x00000000c4300000)
 Metaspace       used 60160K, committed 61184K, reserved 1114112K
  class space    used 6831K, committed 7232K, reserved 1048576K
}
Event: 14.667 GC heap before
{Heap before GC invocations=31 (full 3):
 PSYoungGen      total 18944K, used 14368K [0x00000000eab00000, 0x00000000ec480000, 0x0000000100000000)
  eden space 13824K, 100% used [0x00000000eab00000,0x00000000eb880000,0x00000000eb880000)
  from space 5120K, 10% used [0x00000000ebb00000,0x00000000ebb88000,0x00000000ec000000)
  to   space 2048K, 0% used [0x00000000ec280000,0x00000000ec280000,0x00000000ec480000)
 ParOldGen       total 68608K, used 38747K [0x00000000c0000000, 0x00000000c4300000, 0x00000000eab00000)
  object space 68608K, 56% used [0x00000000c0000000,0x00000000c25d6d70,0x00000000c4300000)
 Metaspace       used 61488K, committed 62528K, reserved 1114112K
  class space    used 7055K, committed 7488K, reserved 1048576K
}
Event: 14.669 GC heap after
{Heap after GC invocations=31 (full 3):
 PSYoungGen      total 14848K, used 576K [0x00000000eab00000, 0x00000000ec380000, 0x0000000100000000)
  eden space 13824K, 0% used [0x00000000eab00000,0x00000000eab00000,0x00000000eb880000)
  from space 1024K, 56% used [0x00000000ec280000,0x00000000ec310000,0x00000000ec380000)
  to   space 1024K, 0% used [0x00000000ec180000,0x00000000ec180000,0x00000000ec280000)
 ParOldGen       total 68608K, used 39202K [0x00000000c0000000, 0x00000000c4300000, 0x00000000eab00000)
  object space 68608K, 57% used [0x00000000c0000000,0x00000000c2648b88,0x00000000c4300000)
 Metaspace       used 61488K, committed 62528K, reserved 1114112K
  class space    used 7055K, committed 7488K, reserved 1048576K
}
Event: 14.823 GC heap before
{Heap before GC invocations=32 (full 3):
 PSYoungGen      total 14848K, used 14400K [0x00000000eab00000, 0x00000000ec380000, 0x0000000100000000)
  eden space 13824K, 100% used [0x00000000eab00000,0x00000000eb880000,0x00000000eb880000)
  from space 1024K, 56% used [0x00000000ec280000,0x00000000ec310000,0x00000000ec380000)
  to   space 1024K, 0% used [0x00000000ec180000,0x00000000ec180000,0x00000000ec280000)
 ParOldGen       total 68608K, used 39202K [0x00000000c0000000, 0x00000000c4300000, 0x00000000eab00000)
  object space 68608K, 57% used [0x00000000c0000000,0x00000000c2648b88,0x00000000c4300000)
 Metaspace       used 62970K, committed 64000K, reserved 1114112K
  class space    used 7305K, committed 7744K, reserved 1048576K
}
Event: 14.825 GC heap after
{Heap after GC invocations=32 (full 3):
 PSYoungGen      total 14336K, used 448K [0x00000000eab00000, 0x00000000ec300000, 0x0000000100000000)
  eden space 13824K, 0% used [0x00000000eab00000,0x00000000eab00000,0x00000000eb880000)
  from space 512K, 87% used [0x00000000ec180000,0x00000000ec1f0000,0x00000000ec200000)
  to   space 1024K, 0% used [0x00000000ec200000,0x00000000ec200000,0x00000000ec300000)
 ParOldGen       total 68608K, used 39658K [0x00000000c0000000, 0x00000000c4300000, 0x00000000eab00000)
  object space 68608K, 57% used [0x00000000c0000000,0x00000000c26babc8,0x00000000c4300000)
 Metaspace       used 62970K, committed 64000K, reserved 1114112K
  class space    used 7305K, committed 7744K, reserved 1048576K
}
Event: 15.692 GC heap before
{Heap before GC invocations=33 (full 3):
 PSYoungGen      total 14336K, used 14272K [0x00000000eab00000, 0x00000000ec300000, 0x0000000100000000)
  eden space 13824K, 100% used [0x00000000eab00000,0x00000000eb880000,0x00000000eb880000)
  from space 512K, 87% used [0x00000000ec180000,0x00000000ec1f0000,0x00000000ec200000)
  to   space 1024K, 0% used [0x00000000ec200000,0x00000000ec200000,0x00000000ec300000)
 ParOldGen       total 68608K, used 39658K [0x00000000c0000000, 0x00000000c4300000, 0x00000000eab00000)
  object space 68608K, 57% used [0x00000000c0000000,0x00000000c26babc8,0x00000000c4300000)
 Metaspace       used 64319K, committed 65408K, reserved 1114112K
  class space    used 7489K, committed 7936K, reserved 1048576K
}
Event: 15.695 GC heap after
{Heap after GC invocations=33 (full 3):
 PSYoungGen      total 14848K, used 996K [0x00000000eab00000, 0x00000000ec300000, 0x0000000100000000)
  eden space 13824K, 0% used [0x00000000eab00000,0x00000000eab00000,0x00000000eb880000)
  from space 1024K, 97% used [0x00000000ec200000,0x00000000ec2f9010,0x00000000ec300000)
  to   space 2048K, 0% used [0x00000000ebf00000,0x00000000ebf00000,0x00000000ec100000)
 ParOldGen       total 68608K, used 40419K [0x00000000c0000000, 0x00000000c4300000, 0x00000000eab00000)
  object space 68608K, 58% used [0x00000000c0000000,0x00000000c2778f58,0x00000000c4300000)
 Metaspace       used 64319K, committed 65408K, reserved 1114112K
  class space    used 7489K, committed 7936K, reserved 1048576K
}
Event: 21.305 GC heap before
{Heap before GC invocations=34 (full 3):
 PSYoungGen      total 14848K, used 14820K [0x00000000eab00000, 0x00000000ec300000, 0x0000000100000000)
  eden space 13824K, 100% used [0x00000000eab00000,0x00000000eb880000,0x00000000eb880000)
  from space 1024K, 97% used [0x00000000ec200000,0x00000000ec2f9010,0x00000000ec300000)
  to   space 2048K, 0% used [0x00000000ebf00000,0x00000000ebf00000,0x00000000ec100000)
 ParOldGen       total 68608K, used 40419K [0x00000000c0000000, 0x00000000c4300000, 0x00000000eab00000)
  object space 68608K, 58% used [0x00000000c0000000,0x00000000c2778f58,0x00000000c4300000)
 Metaspace       used 65601K, committed 66688K, reserved 1114112K
  class space    used 7679K, committed 8128K, reserved 1048576K
}
Event: 21.308 GC heap after
{Heap after GC invocations=34 (full 3):
 PSYoungGen      total 15872K, used 576K [0x00000000eab00000, 0x00000000ec280000, 0x0000000100000000)
  eden space 13824K, 0% used [0x00000000eab00000,0x00000000eab00000,0x00000000eb880000)
  from space 2048K, 28% used [0x00000000ebf00000,0x00000000ebf90020,0x00000000ec100000)
  to   space 1024K, 0% used [0x00000000ec180000,0x00000000ec180000,0x00000000ec280000)
 ParOldGen       total 68608K, used 40763K [0x00000000c0000000, 0x00000000c4300000, 0x00000000eab00000)
  object space 68608K, 59% used [0x00000000c0000000,0x00000000c27cef68,0x00000000c4300000)
 Metaspace       used 65601K, committed 66688K, reserved 1114112K
  class space    used 7679K, committed 8128K, reserved 1048576K
}

