# JRE version: Java(TM) SE Runtime Environment (18.0.1.1+2) (build 18.0.1.1+2-6)
# Java VM: Java HotSpot(TM) 64-Bit Server VM (18.0.1.1+2-6, mixed mode, sharing, tiered, compressed oops, compressed class ptrs, g1 gc, windows-amd64)
GC Precious Log:
 CardTable entry size: 512
 Card Set container configuration: InlinePtr #cards 5 size 8 Array Of Cards #cards 12 size 40 Howl #buckets 4 coarsen threshold 1843 Howl Bitmap #cards 512 size 80 coarsen threshold 460 Card regions per heap region 1 cards per card region 2048
 CPUs: 8 total, 8 available
 Memory: 7834M
 Large Page Support: Disabled
 NUMA Support: Disabled
 Compressed Oops: Enabled (32-bit)
 Heap Region Size: 1M
 Heap Min Capacity: 8M
 Heap Initial Capacity: 124M
 Heap Max Capacity: 2G
 Pre-touch: Disabled
 Parallel Workers: 8
 Concurrent Workers: 2
 Concurrent Refinement Workers: 8
 Periodic GC: Disabled
Heap:
 garbage-first heap   total 117760K, used 85457K [0x0000000080000000, 0x0000000100000000)
  region size 1024K, 23 young (23552K), 4 survivors (4096K)
 Metaspace       used 71185K, committed 73152K, reserved 487424K
  class space    used 9959K, committed 10944K, reserved 421888K
GC Heap History (20 events):
Event: 30.892 GC heap before
{Heap before GC invocations=15 (full 0):
 garbage-first heap   total 81920K, used 63981K [0x0000000080000000, 0x0000000100000000)
  region size 1024K, 25 young (25600K), 3 survivors (3072K)
 Metaspace       used 54419K, committed 56128K, reserved 487424K
  class space    used 7563K, committed 8448K, reserved 421888K
}
Event: 30.900 GC heap after
{Heap after GC invocations=16 (full 0):
 garbage-first heap   total 81920K, used 44981K [0x0000000080000000, 0x0000000100000000)
  region size 1024K, 4 young (4096K), 4 survivors (4096K)
 Metaspace       used 54419K, committed 56128K, reserved 487424K
  class space    used 7563K, committed 8448K, reserved 421888K
}
Event: 31.434 GC heap before
{Heap before GC invocations=16 (full 0):
 garbage-first heap   total 81920K, used 65461K [0x0000000080000000, 0x0000000100000000)
  region size 1024K, 24 young (24576K), 4 survivors (4096K)
 Metaspace       used 56443K, committed 58240K, reserved 487424K
  class space    used 7904K, committed 8832K, reserved 421888K
}
Event: 31.443 GC heap after
{Heap after GC invocations=17 (full 0):
 garbage-first heap   total 81920K, used 46528K [0x0000000080000000, 0x0000000100000000)
  region size 1024K, 2 young (2048K), 2 survivors (2048K)
 Metaspace       used 56443K, committed 58240K, reserved 487424K
  class space    used 7904K, committed 8832K, reserved 421888K
}
Event: 31.802 GC heap before
{Heap before GC invocations=18 (full 0):
 garbage-first heap   total 81920K, used 53696K [0x0000000080000000, 0x0000000100000000)
  region size 1024K, 10 young (10240K), 2 survivors (2048K)
 Metaspace       used 56799K, committed 58560K, reserved 487424K
  class space    used 7944K, committed 8832K, reserved 421888K
}
Event: 31.806 GC heap after
{Heap after GC invocations=19 (full 0):
 garbage-first heap   total 81920K, used 47230K [0x0000000080000000, 0x0000000100000000)
  region size 1024K, 3 young (3072K), 3 survivors (3072K)
 Metaspace       used 56799K, committed 58560K, reserved 487424K
  class space    used 7944K, committed 8832K, reserved 421888K
}
Event: 32.528 GC heap before
{Heap before GC invocations=20 (full 0):
 garbage-first heap   total 92160K, used 69758K [0x0000000080000000, 0x0000000100000000)
  region size 1024K, 21 young (21504K), 3 survivors (3072K)
 Metaspace       used 59051K, committed 60864K, reserved 487424K
  class space    used 8228K, committed 9152K, reserved 421888K
}
Event: 32.534 GC heap after
{Heap after GC invocations=21 (full 0):
 garbage-first heap   total 92160K, used 52664K [0x0000000080000000, 0x0000000100000000)
  region size 1024K, 3 young (3072K), 3 survivors (3072K)
 Metaspace       used 59051K, committed 60864K, reserved 487424K
  class space    used 8228K, committed 9152K, reserved 421888K
}
Event: 32.566 GC heap before
{Heap before GC invocations=21 (full 0):
 garbage-first heap   total 92160K, used 53688K [0x0000000080000000, 0x0000000100000000)
  region size 1024K, 5 young (5120K), 3 survivors (3072K)
 Metaspace       used 59115K, committed 60928K, reserved 487424K
  class space    used 8236K, committed 9152K, reserved 421888K
}
Event: 32.570 GC heap after
{Heap after GC invocations=22 (full 0):
 garbage-first heap   total 110592K, used 53074K [0x0000000080000000, 0x0000000100000000)
  region size 1024K, 2 young (2048K), 2 survivors (2048K)
 Metaspace       used 59115K, committed 60928K, reserved 487424K
  class space    used 8236K, committed 9152K, reserved 421888K
}
Event: 33.492 GC heap before
{Heap before GC invocations=23 (full 0):
 garbage-first heap   total 110592K, used 91986K [0x0000000080000000, 0x0000000100000000)
  region size 1024K, 32 young (32768K), 2 survivors (2048K)
 Metaspace       used 62083K, committed 63872K, reserved 487424K
  class space    used 8656K, committed 9600K, reserved 421888K
}
Event: 33.498 GC heap after
{Heap after GC invocations=24 (full 0):
 garbage-first heap   total 110592K, used 62959K [0x0000000080000000, 0x0000000100000000)
  region size 1024K, 4 young (4096K), 4 survivors (4096K)
 Metaspace       used 62083K, committed 63872K, reserved 487424K
  class space    used 8656K, committed 9600K, reserved 421888K
}
Event: 34.033 GC heap before
{Heap before GC invocations=24 (full 0):
 garbage-first heap   total 110592K, used 87535K [0x0000000080000000, 0x0000000100000000)
  region size 1024K, 28 young (28672K), 4 survivors (4096K)
 Metaspace       used 64475K, committed 66304K, reserved 487424K
  class space    used 8957K, committed 9920K, reserved 421888K
}
Event: 34.039 GC heap after
{Heap after GC invocations=25 (full 0):
 garbage-first heap   total 110592K, used 64811K [0x0000000080000000, 0x0000000100000000)
  region size 1024K, 4 young (4096K), 4 survivors (4096K)
 Metaspace       used 64475K, committed 66304K, reserved 487424K
  class space    used 8957K, committed 9920K, reserved 421888K
}
Event: 34.686 GC heap before
{Heap before GC invocations=26 (full 0):
 garbage-first heap   total 114688K, used 88363K [0x0000000080000000, 0x0000000100000000)
  region size 1024K, 27 young (27648K), 4 survivors (4096K)
 Metaspace       used 66903K, committed 68800K, reserved 487424K
  class space    used 9381K, committed 10368K, reserved 421888K
}
Event: 34.692 GC heap after
{Heap after GC invocations=27 (full 0):
 garbage-first heap   total 114688K, used 65766K [0x0000000080000000, 0x0000000100000000)
  region size 1024K, 3 young (3072K), 3 survivors (3072K)
 Metaspace       used 66903K, committed 68800K, reserved 487424K
  class space    used 9381K, committed 10368K, reserved 421888K
}
Event: 35.067 GC heap before
{Heap before GC invocations=27 (full 0):
 garbage-first heap   total 114688K, used 91366K [0x0000000080000000, 0x0000000100000000)
  region size 1024K, 29 young (29696K), 3 survivors (3072K)
 Metaspace       used 68754K, committed 70720K, reserved 487424K
  class space    used 9637K, committed 10624K, reserved 421888K
}
Event: 35.072 GC heap after
{Heap after GC invocations=28 (full 0):
 garbage-first heap   total 114688K, used 66629K [0x0000000080000000, 0x0000000100000000)
  region size 1024K, 2 young (2048K), 2 survivors (2048K)
 Metaspace       used 68754K, committed 70720K, reserved 487424K
  class space    used 9637K, committed 10624K, reserved 421888K
}
Event: 35.540 GC heap before
{Heap before GC invocations=29 (full 0):
 garbage-first heap   total 117760K, used 94277K [0x0000000080000000, 0x0000000100000000)
  region size 1024K, 29 young (29696K), 2 survivors (2048K)
 Metaspace       used 70477K, committed 72448K, reserved 487424K
  class space    used 9874K, committed 10880K, reserved 421888K
}
Event: 35.546 GC heap after
{Heap after GC invocations=30 (full 0):
 garbage-first heap   total 117760K, used 68049K [0x0000000080000000, 0x0000000100000000)
  region size 1024K, 4 young (4096K), 4 survivors (4096K)
 Metaspace       used 70477K, committed 72448K, reserved 487424K
  class space    used 9874K, committed 10880K, reserved 421888K
}

