# JRE version: Java(TM) SE Runtime Environment (18.0.1.1+2) (build 18.0.1.1+2-6)
# Java VM: Java HotSpot(TM) 64-Bit Server VM (18.0.1.1+2-6, mixed mode, sharing, tiered, compressed oops, compressed class ptrs, g1 gc, windows-amd64)
GC Precious Log:
 CardTable entry size: 512
 Card Set container configuration: InlinePtr #cards 5 size 8 Array Of Cards #cards 12 size 40 Howl #buckets 4 coarsen threshold 1843 Howl Bitmap #cards 512 size 80 coarsen threshold 460 Card regions per heap region 1 cards per card region 2048
 CPUs: 8 total, 8 available
 Memory: 7834M
 Large Page Support: Disabled
 NUMA Support: Disabled
 Compressed Oops: Enabled (32-bit)
 Heap Region Size: 1M
 Heap Min Capacity: 8M
 Heap Initial Capacity: 124M
 Heap Max Capacity: 2G
 Pre-touch: Disabled
 Parallel Workers: 8
 Concurrent Workers: 2
 Concurrent Refinement Workers: 8
 Periodic GC: Disabled
Heap:
 garbage-first heap   total 459776K, used 276659K [0x0000000080000000, 0x0000000100000000)
  region size 1024K, 8 young (8192K), 8 survivors (8192K)
 Metaspace       used 134505K, committed 137024K, reserved 552960K
  class space    used 17726K, committed 19072K, reserved 421888K
GC Heap History (20 events):
Event: 86.960 GC heap after
{Heap after GC invocations=86 (full 0):
 garbage-first heap   total 301056K, used 246597K [0x0000000080000000, 0x0000000100000000)
  region size 1024K, 2 young (2048K), 2 survivors (2048K)
 Metaspace       used 127704K, committed 130240K, reserved 552960K
  class space    used 17119K, committed 18432K, reserved 421888K
}
Event: 87.278 GC heap before
{Heap before GC invocations=86 (full 0):
 garbage-first heap   total 301056K, used 257861K [0x0000000080000000, 0x0000000100000000)
  region size 1024K, 14 young (14336K), 2 survivors (2048K)
 Metaspace       used 127727K, committed 130240K, reserved 552960K
  class space    used 17119K, committed 18432K, reserved 421888K
}
Event: 87.281 GC heap after
{Heap after GC invocations=87 (full 0):
 garbage-first heap   total 301056K, used 248817K [0x0000000080000000, 0x0000000100000000)
  region size 1024K, 2 young (2048K), 2 survivors (2048K)
 Metaspace       used 127727K, committed 130240K, reserved 552960K
  class space    used 17119K, committed 18432K, reserved 421888K
}
Event: 87.476 GC heap before
{Heap before GC invocations=87 (full 0):
 garbage-first heap   total 301056K, used 261105K [0x0000000080000000, 0x0000000100000000)
  region size 1024K, 14 young (14336K), 2 survivors (2048K)
 Metaspace       used 127778K, committed 130304K, reserved 552960K
  class space    used 17125K, committed 18432K, reserved 421888K
}
Event: 87.479 GC heap after
{Heap after GC invocations=88 (full 0):
 garbage-first heap   total 301056K, used 249492K [0x0000000080000000, 0x0000000100000000)
  region size 1024K, 1 young (1024K), 1 survivors (1024K)
 Metaspace       used 127778K, committed 130304K, reserved 552960K
  class space    used 17125K, committed 18432K, reserved 421888K
}
Event: 87.600 GC heap before
{Heap before GC invocations=88 (full 0):
 garbage-first heap   total 301056K, used 265876K [0x0000000080000000, 0x0000000100000000)
  region size 1024K, 10 young (10240K), 1 survivors (1024K)
 Metaspace       used 127801K, committed 130304K, reserved 552960K
  class space    used 17127K, committed 18432K, reserved 421888K
}
Event: 87.607 GC heap after
{Heap after GC invocations=89 (full 0):
 garbage-first heap   total 301056K, used 258342K [0x0000000080000000, 0x0000000100000000)
  region size 1024K, 2 young (2048K), 2 survivors (2048K)
 Metaspace       used 127801K, committed 130304K, reserved 552960K
  class space    used 17127K, committed 18432K, reserved 421888K
}
Event: 87.609 GC heap before
{Heap before GC invocations=89 (full 0):
 garbage-first heap   total 301056K, used 262438K [0x0000000080000000, 0x0000000100000000)
  region size 1024K, 3 young (3072K), 2 survivors (2048K)
 Metaspace       used 127801K, committed 130304K, reserved 552960K
  class space    used 17127K, committed 18432K, reserved 421888K
}
Event: 87.612 GC heap after
{Heap after GC invocations=90 (full 0):
 garbage-first heap   total 301056K, used 258711K [0x0000000080000000, 0x0000000100000000)
  region size 1024K, 1 young (1024K), 1 survivors (1024K)
 Metaspace       used 127801K, committed 130304K, reserved 552960K
  class space    used 17127K, committed 18432K, reserved 421888K
}
Event: 87.757 GC heap before
{Heap before GC invocations=90 (full 0):
 garbage-first heap   total 301056K, used 275095K [0x0000000080000000, 0x0000000100000000)
  region size 1024K, 14 young (14336K), 1 survivors (1024K)
 Metaspace       used 128179K, committed 130752K, reserved 552960K
  class space    used 17149K, committed 18496K, reserved 421888K
}
Event: 87.760 GC heap after
{Heap after GC invocations=91 (full 0):
 garbage-first heap   total 301056K, used 260280K [0x0000000080000000, 0x0000000100000000)
  region size 1024K, 2 young (2048K), 2 survivors (2048K)
 Metaspace       used 128179K, committed 130752K, reserved 552960K
  class space    used 17149K, committed 18496K, reserved 421888K
}
Event: 87.879 GC heap before
{Heap before GC invocations=91 (full 0):
 garbage-first heap   total 301056K, used 271544K [0x0000000080000000, 0x0000000100000000)
  region size 1024K, 14 young (14336K), 2 survivors (2048K)
 Metaspace       used 128321K, committed 130880K, reserved 552960K
  class space    used 17159K, committed 18496K, reserved 421888K
}
Event: 87.882 GC heap after
{Heap after GC invocations=92 (full 0):
 garbage-first heap   total 301056K, used 262355K [0x0000000080000000, 0x0000000100000000)
  region size 1024K, 2 young (2048K), 2 survivors (2048K)
 Metaspace       used 128321K, committed 130880K, reserved 552960K
  class space    used 17159K, committed 18496K, reserved 421888K
}
Event: 88.249 GC heap before
{Heap before GC invocations=92 (full 0):
 garbage-first heap   total 459776K, used 274643K [0x0000000080000000, 0x0000000100000000)
  region size 1024K, 14 young (14336K), 2 survivors (2048K)
 Metaspace       used 128449K, committed 131072K, reserved 552960K
  class space    used 17158K, committed 18496K, reserved 421888K
}
Event: 88.275 GC heap after
{Heap after GC invocations=93 (full 0):
 garbage-first heap   total 459776K, used 264795K [0x0000000080000000, 0x0000000100000000)
  region size 1024K, 2 young (2048K), 2 survivors (2048K)
 Metaspace       used 128449K, committed 131072K, reserved 552960K
  class space    used 17158K, committed 18496K, reserved 421888K
}
Event: 88.970 GC heap before
{Heap before GC invocations=94 (full 0):
 garbage-first heap   total 459776K, used 366171K [0x0000000080000000, 0x0000000100000000)
  region size 1024K, 102 young (104448K), 2 survivors (2048K)
 Metaspace       used 132453K, committed 134976K, reserved 552960K
  class space    used 17504K, committed 18816K, reserved 421888K
}
Event: 88.977 GC heap after
{Heap after GC invocations=95 (full 0):
 garbage-first heap   total 459776K, used 266669K [0x0000000080000000, 0x0000000100000000)
  region size 1024K, 4 young (4096K), 4 survivors (4096K)
 Metaspace       used 132453K, committed 134976K, reserved 552960K
  class space    used 17504K, committed 18816K, reserved 421888K
}
Event: 89.122 GC heap before
{Heap before GC invocations=95 (full 0):
 garbage-first heap   total 459776K, used 284077K [0x0000000080000000, 0x0000000100000000)
  region size 1024K, 22 young (22528K), 4 survivors (4096K)
 Metaspace       used 133171K, committed 135808K, reserved 552960K
  class space    used 17590K, committed 18944K, reserved 421888K
}
Event: 89.167 GC heap after
{Heap after GC invocations=96 (full 0):
 garbage-first heap   total 459776K, used 264859K [0x0000000080000000, 0x0000000100000000)
  region size 1024K, 2 young (2048K), 2 survivors (2048K)
 Metaspace       used 133171K, committed 135808K, reserved 552960K
  class space    used 17590K, committed 18944K, reserved 421888K
}
Event: 90.245 GC heap before
{Heap before GC invocations=96 (full 0):
 garbage-first heap   total 459776K, used 396955K [0x0000000080000000, 0x0000000100000000)
  region size 1024K, 108 young (110592K), 2 survivors (2048K)
 Metaspace       used 134505K, committed 137024K, reserved 552960K
  class space    used 17726K, committed 19072K, reserved 421888K
}

